-------------------------------------------------------------------------------
Test set: com.WebsiteProject.WebsiteProject.WebsiteProjectApplicationTests
-------------------------------------------------------------------------------
Tests run: 1, Failures: 0, Errors: 1, Skipped: 0, Time elapsed: 2.672 s <<< FAILURE! - in com.WebsiteProject.WebsiteProject.WebsiteProjectApplicationTests
com.WebsiteProject.WebsiteProject.WebsiteProjectApplicationTests  Time elapsed: 2.672 s  <<< ERROR!
java.lang.IllegalStateException: Unable to find a @SpringBootConfiguration, you need to use @ContextConfiguration or @SpringBootTest(classes=...) with your test

